<?xml version="1.0" encoding="UTF-8"?>
<testng-results ignored="0" total="1" passed="1" failed="0" skipped="0">
  <reporter-output>
  </reporter-output>
  <suite started-at="2024-02-10T12:18:20 IST" name="Default suite" finished-at="2024-02-10T12:18:21 IST" duration-ms="1827">
    <groups>
      <group name="cucumber">
        <method signature="AbstractTestNGCucumberTests.runScenario(io.cucumber.testng.PickleWrapper,io.cucumber.testng.FeatureWrapper)[pri:0, instance:com.project.tests.RunnerClass.RunnersTest@9d5509a]" name="runScenario" class="io.cucumber.testng.AbstractTestNGCucumberTests"/>
      </group> <!-- cucumber -->
    </groups>
    <test started-at="2024-02-10T12:18:20 IST" name="Default test" finished-at="2024-02-10T12:18:21 IST" duration-ms="1827">
      <class name="com.project.tests.RunnerClass.RunnersTest">
        <test-method is-config="true" signature="setUpClass(org.testng.ITestContext)[pri:0, instance:com.project.tests.RunnerClass.RunnersTest@9d5509a]" started-at="2024-02-10T12:18:20 IST" name="setUpClass" finished-at="2024-02-10T12:18:20 IST" duration-ms="124" status="PASS">
          <params>
            <param index="0">
              <value>
                <![CDATA[org.testng.TestRunner@48e7b3d2]]>
              </value>
            </param>
          </params>
          <reporter-output>
          </reporter-output>
        </test-method> <!-- setUpClass -->
        <test-method signature="runScenario(io.cucumber.testng.PickleWrapper,io.cucumber.testng.FeatureWrapper)[pri:0, instance:com.project.tests.RunnerClass.RunnersTest@9d5509a]" started-at="2024-02-10T12:18:20 IST" name="runScenario" description="Runs Cucumber Scenarios" data-provider="scenarios" finished-at="2024-02-10T12:18:21 IST" duration-ms="1678" status="PASS">
          <params>
            <param index="0">
              <value>
                <![CDATA["happy path"]]>
              </value>
            </param>
            <param index="1">
              <value>
                <![CDATA["visit the page"]]>
              </value>
            </param>
          </params>
          <reporter-output>
          </reporter-output>
        </test-method> <!-- runScenario -->
        <test-method is-config="true" signature="tearDownClass()[pri:0, instance:com.project.tests.RunnerClass.RunnersTest@9d5509a]" started-at="2024-02-10T12:18:21 IST" name="tearDownClass" finished-at="2024-02-10T12:18:21 IST" duration-ms="1" status="PASS">
          <reporter-output>
          </reporter-output>
        </test-method> <!-- tearDownClass -->
      </class> <!-- com.project.tests.RunnerClass.RunnersTest -->
    </test> <!-- Default test -->
  </suite> <!-- Default suite -->
</testng-results>
